d:\tarasov_dev\git-hub\recontrolsystem\ar60xdriver\ar60xdriver\debug\ar60xdriver.pdb
d:\tarasov_dev\git-hub\recontrolsystem\ar60xdriver\ar60xdriver\debug\ar60xdriver.idb
d:\tarasov_dev\git-hub\recontrolsystem\ar60xdriver\ar60xdriver\debug\additionalsettings.obj
d:\tarasov_dev\git-hub\recontrolsystem\ar60xdriver\ar60xdriver\debug\jointstate.obj
d:\tarasov_dev\git-hub\recontrolsystem\ar60xdriver\ar60xdriver\debug\powersettings.obj
d:\tarasov_dev\git-hub\recontrolsystem\ar60xdriver\ar60xdriver\debug\powerstate.obj
d:\tarasov_dev\git-hub\recontrolsystem\ar60xdriver\ar60xdriver\debug\sensorstate.obj
d:\tarasov_dev\git-hub\recontrolsystem\ar60xdriver\ar60xdriver\debug\jointsettings.obj
d:\tarasov_dev\git-hub\recontrolsystem\ar60xdriver\ar60xdriver\debug\iar60xdriver.obj
d:\tarasov_dev\git-hub\recontrolsystem\ar60xdriver\debug\ar60xdriver.lib
d:\tarasov_dev\git-hub\recontrolsystem\ar60xdriver\ar60xdriver\debug\a60xdriver.res
d:\tarasov_dev\git-hub\recontrolsystem\ar60xdriver\debug\ar60xdriver.pdb
d:\tarasov_dev\git-hub\recontrolsystem\ar60xdriver\ar60xdriver\debug\ar60xdriver.tlog\cl.command.1.tlog
d:\tarasov_dev\git-hub\recontrolsystem\ar60xdriver\ar60xdriver\debug\ar60xdriver.tlog\cl.read.1.tlog
d:\tarasov_dev\git-hub\recontrolsystem\ar60xdriver\ar60xdriver\debug\ar60xdriver.tlog\cl.write.1.tlog
d:\tarasov_dev\git-hub\recontrolsystem\ar60xdriver\ar60xdriver\debug\ar60xdriver.tlog\lib-link-cvtres.read.1.tlog
d:\tarasov_dev\git-hub\recontrolsystem\ar60xdriver\ar60xdriver\debug\ar60xdriver.tlog\lib-link-cvtres.write.1.tlog
d:\tarasov_dev\git-hub\recontrolsystem\ar60xdriver\ar60xdriver\debug\ar60xdriver.tlog\lib.command.1.tlog
d:\tarasov_dev\git-hub\recontrolsystem\ar60xdriver\ar60xdriver\debug\ar60xdriver.tlog\rc.command.1.tlog
d:\tarasov_dev\git-hub\recontrolsystem\ar60xdriver\ar60xdriver\debug\ar60xdriver.tlog\rc.read.1.tlog
d:\tarasov_dev\git-hub\recontrolsystem\ar60xdriver\ar60xdriver\debug\ar60xdriver.tlog\rc.write.1.tlog
